<?xml version="1.0" encoding="UTF-8" ?>
<testsuite tests="46" failures="0" name="com.xebia.fitnesse.selenium.JavascriptTestCase" time="2.446" errors="0" skipped="0">
  <properties>
    <property name="java.runtime.name" value="Java(TM) SE Runtime Environment"/>
    <property name="sun.boot.library.path" value="/Library/Java/JavaVirtualMachines/jdk1.8.0_121.jdk/Contents/Home/jre/lib"/>
    <property name="java.vm.version" value="25.121-b13"/>
    <property name="gopherProxySet" value="false"/>
    <property name="java.vm.vendor" value="Oracle Corporation"/>
    <property name="maven.multiModuleProjectDirectory" value="/usr/local/apache-maven/apache-maven-3.5.2"/>
    <property name="java.vendor.url" value="http://java.oracle.com/"/>
    <property name="path.separator" value=":"/>
    <property name="guice.disable.misplaced.annotation.check" value="true"/>
    <property name="java.vm.name" value="Java HotSpot(TM) 64-Bit Server VM"/>
    <property name="file.encoding.pkg" value="sun.io"/>
    <property name="user.country" value="US"/>
    <property name="sun.java.launcher" value="SUN_STANDARD"/>
    <property name="sun.os.patch.level" value="unknown"/>
    <property name="java.vm.specification.name" value="Java Virtual Machine Specification"/>
    <property name="user.dir" value="/usr/local/apache-maven/apache-maven-3.5.2"/>
    <property name="java.runtime.version" value="1.8.0_121-b13"/>
    <property name="java.awt.graphicsenv" value="sun.awt.CGraphicsEnvironment"/>
    <property name="java.endorsed.dirs" value="/Library/Java/JavaVirtualMachines/jdk1.8.0_121.jdk/Contents/Home/jre/lib/endorsed"/>
    <property name="os.arch" value="x86_64"/>
    <property name="java.io.tmpdir" value="/var/folders/vh/gpskg4rd6nq3v0mvtfff01xc0000gn/T/"/>
    <property name="line.separator" value="
"/>
    <property name="java.vm.specification.vendor" value="Oracle Corporation"/>
    <property name="os.name" value="Mac OS X"/>
    <property name="classworlds.conf" value="/usr/local/apache-maven/apache-maven-3.5.2/bin/m2.conf"/>
    <property name="sun.jnu.encoding" value="UTF-8"/>
    <property name="java.library.path" value="/Users/giedrius/Library/Java/Extensions:/Library/Java/Extensions:/Network/Library/Java/Extensions:/System/Library/Java/Extensions:/usr/lib/java:."/>
    <property name="maven.conf" value="/usr/local/apache-maven/apache-maven-3.5.2/conf"/>
    <property name="java.specification.name" value="Java Platform API Specification"/>
    <property name="java.class.version" value="52.0"/>
    <property name="sun.management.compiler" value="HotSpot 64-Bit Tiered Compilers"/>
    <property name="os.version" value="10.13.2"/>
    <property name="library.jansi.path" value="/usr/local/apache-maven/apache-maven-3.5.2/lib/jansi-native"/>
    <property name="user.home" value="/Users/giedrius"/>
    <property name="user.timezone" value="Europe/Vilnius"/>
    <property name="java.awt.printerjob" value="sun.lwawt.macosx.CPrinterJob"/>
    <property name="java.specification.version" value="1.8"/>
    <property name="file.encoding" value="UTF-8"/>
    <property name="user.name" value="giedrius"/>
    <property name="java.class.path" value="/usr/local/apache-maven/apache-maven-3.5.2/boot/plexus-classworlds-2.5.2.jar"/>
    <property name="java.vm.specification.version" value="1.8"/>
    <property name="sun.arch.data.model" value="64"/>
    <property name="java.home" value="/Library/Java/JavaVirtualMachines/jdk1.8.0_121.jdk/Contents/Home/jre"/>
    <property name="sun.java.command" value="org.codehaus.plexus.classworlds.launcher.Launcher -Pfitnesse test"/>
    <property name="java.specification.vendor" value="Oracle Corporation"/>
    <property name="user.language" value="en"/>
    <property name="awt.toolkit" value="sun.lwawt.macosx.LWCToolkit"/>
    <property name="java.vm.info" value="mixed mode"/>
    <property name="java.version" value="1.8.0_121"/>
    <property name="java.ext.dirs" value="/Users/giedrius/Library/Java/Extensions:/Library/Java/JavaVirtualMachines/jdk1.8.0_121.jdk/Contents/Home/jre/lib/ext:/Library/Java/Extensions:/Network/Library/Java/Extensions:/System/Library/Java/Extensions:/usr/lib/java"/>
    <property name="sun.boot.class.path" value="/Library/Java/JavaVirtualMachines/jdk1.8.0_121.jdk/Contents/Home/jre/lib/resources.jar:/Library/Java/JavaVirtualMachines/jdk1.8.0_121.jdk/Contents/Home/jre/lib/rt.jar:/Library/Java/JavaVirtualMachines/jdk1.8.0_121.jdk/Contents/Home/jre/lib/sunrsasign.jar:/Library/Java/JavaVirtualMachines/jdk1.8.0_121.jdk/Contents/Home/jre/lib/jsse.jar:/Library/Java/JavaVirtualMachines/jdk1.8.0_121.jdk/Contents/Home/jre/lib/jce.jar:/Library/Java/JavaVirtualMachines/jdk1.8.0_121.jdk/Contents/Home/jre/lib/charsets.jar:/Library/Java/JavaVirtualMachines/jdk1.8.0_121.jdk/Contents/Home/jre/lib/jfr.jar:/Library/Java/JavaVirtualMachines/jdk1.8.0_121.jdk/Contents/Home/jre/classes"/>
    <property name="java.vendor" value="Oracle Corporation"/>
    <property name="maven.home" value="/usr/local/apache-maven/apache-maven-3.5.2"/>
    <property name="file.separator" value="/"/>
    <property name="java.vendor.url.bug" value="http://bugreport.sun.com/bugreport/"/>
    <property name="sun.cpu.endian" value="little"/>
    <property name="sun.io.unicode.encoding" value="UnicodeBig"/>
    <property name="sun.cpu.isalist" value=""/>
  </properties>
  <testcase classname="com.xebia.fitnesse.selenium.JavascriptTestCase" name="testExecuteCommandOnTargetWithValueToSelenese" time="0.448"/>
  <testcase classname="com.xebia.fitnesse.selenium.JavascriptTestCase" name="testExecuteCommandOnTargetWithValueWithSpacesToSelenese" time="0.084"/>
  <testcase classname="com.xebia.fitnesse.selenium.JavascriptTestCase" name="testExecuteCommandOnTargetToSelenese" time="0.046"/>
  <testcase classname="com.xebia.fitnesse.selenium.JavascriptTestCase" name="testExecuteCommandOnEscapedTargetToSelenese" time="0.051"/>
  <testcase classname="com.xebia.fitnesse.selenium.JavascriptTestCase" name="testExecuteCommandOnEscapedUrlTargetToSelenese" time="0.056"/>
  <testcase classname="com.xebia.fitnesse.selenium.JavascriptTestCase" name="shouldParseCheckCommand" time="0.041"/>
  <testcase classname="com.xebia.fitnesse.selenium.JavascriptTestCase" name="shouldParseBareCheckCommand" time="0.036"/>
  <testcase classname="com.xebia.fitnesse.selenium.JavascriptTestCase" name="shouldParseActionCommand" time="0.058"/>
  <testcase classname="com.xebia.fitnesse.selenium.JavascriptTestCase" name="shouldParseBareActionCommand" time="0.033"/>
  <testcase classname="com.xebia.fitnesse.selenium.JavascriptTestCase" name="testExecuteCommandOnVariableToSelenese" time="0.034"/>
  <testcase classname="com.xebia.fitnesse.selenium.JavascriptTestCase" name="testExecuteCommandOnVariableWithVariableToSelenese" time="0.028"/>
  <testcase classname="com.xebia.fitnesse.selenium.JavascriptTestCase" name="testExecuteCommandOnComplexGlobPatternToSelenese" time="0.028"/>
  <testcase classname="com.xebia.fitnesse.selenium.JavascriptTestCase" name="testExecuteCommandOnComplexXPathPatternToSelenese" time="0.026"/>
  <testcase classname="com.xebia.fitnesse.selenium.JavascriptTestCase" name="testExecuteCommandOnVariableWithEmbeddedVariableToSelenese" time="0.033"/>
  <testcase classname="com.xebia.fitnesse.selenium.JavascriptTestCase" name="testExecuteCommandOnTextSeparatedByBars" time="0.034"/>
  <testcase classname="com.xebia.fitnesse.selenium.JavascriptTestCase" name="testExecuteCommentToSelenese" time="0.031"/>
  <testcase classname="com.xebia.fitnesse.selenium.JavascriptTestCase" name="testExecuteCommentWithMoreTextToSelenese" time="0.024"/>
  <testcase classname="com.xebia.fitnesse.selenium.JavascriptTestCase" name="shouldExecuteCommandOnTargetToFitnesse" time="0.034"/>
  <testcase classname="com.xebia.fitnesse.selenium.JavascriptTestCase" name="shoudlEscapeBars" time="0.031"/>
  <testcase classname="com.xebia.fitnesse.selenium.JavascriptTestCase" name="testCommand" time="0.028"/>
  <testcase classname="com.xebia.fitnesse.selenium.JavascriptTestCase" name="testEmptyTestCase" time="0.024"/>
  <testcase classname="com.xebia.fitnesse.selenium.JavascriptTestCase" name="testLibraryModeOption" time="0.028"/>
  <testcase classname="com.xebia.fitnesse.selenium.JavascriptTestCase" name="testNoStartStopOption" time="0.028"/>
  <testcase classname="com.xebia.fitnesse.selenium.JavascriptTestCase" name="testStartBrowserLine" time="0.05"/>
  <testcase classname="com.xebia.fitnesse.selenium.JavascriptTestCase" name="shouldParseLenient" time="0.029"/>
  <testcase classname="com.xebia.fitnesse.selenium.JavascriptTestCase" name="testExecuteCommandOnEscapedTargetWithEscapedValueToSelenese" time="0.029"/>
  <testcase classname="com.xebia.fitnesse.selenium.JavascriptTestCase" name="shouldStoreCommandOnTargetToFitnesse" time="0.03"/>
  <testcase classname="com.xebia.fitnesse.selenium.JavascriptTestCase" name="shouldWikiWordsAndUrlsToFitnesse" time="0.032"/>
  <testcase classname="com.xebia.fitnesse.selenium.JavascriptTestCase" name="shouldParseStartBrowserLineToFitnesse" time="0.039"/>
  <testcase classname="com.xebia.fitnesse.selenium.JavascriptTestCase" name="shouldParseRightActionToFitnesse" time="0.032"/>
  <testcase classname="com.xebia.fitnesse.selenium.JavascriptTestCase" name="shoudlParseVariablesInText" time="0.037"/>
  <testcase classname="com.xebia.fitnesse.selenium.JavascriptTestCase" name="shoudlConvertExact" time="0.048"/>
  <testcase classname="com.xebia.fitnesse.selenium.JavascriptTestCase" name="shoudlConvertGlob" time="0.158"/>
  <testcase classname="com.xebia.fitnesse.selenium.JavascriptTestCase" name="shouldAlwaysMakeEnsureCommandsForWaitForCommands" time="0.112"/>
  <testcase classname="com.xebia.fitnesse.selenium.JavascriptTestCase" name="shoudlConvertRegexp" time="0.036"/>
  <testcase classname="com.xebia.fitnesse.selenium.JavascriptTestCase" name="shouldExecuteCommandOnTargetWithValueToSelenese" time="0.04"/>
  <testcase classname="com.xebia.fitnesse.selenium.JavascriptTestCase" name="shouldExecuteStoreCommandToSelenese" time="0.03"/>
  <testcase classname="com.xebia.fitnesse.selenium.JavascriptTestCase" name="shouldMakeCommentsForNonFitnesseLines" time="0.037"/>
  <testcase classname="com.xebia.fitnesse.selenium.JavascriptTestCase" name="shouldIgnoreFitnesseTableHeadings" time="0.04"/>
  <testcase classname="com.xebia.fitnesse.selenium.JavascriptTestCase" name="shouldParseExactToSeleneseWheneverPossible" time="0.033"/>
  <testcase classname="com.xebia.fitnesse.selenium.JavascriptTestCase" name="shouldParseGlobToSeleneseWheneverPossible" time="0.048"/>
  <testcase classname="com.xebia.fitnesse.selenium.JavascriptTestCase" name="shouldParseRegexpToSelenese" time="0.034"/>
  <testcase classname="com.xebia.fitnesse.selenium.JavascriptTestCase" name="shouldParseDataPastedFromBrowser" time="0.075"/>
  <testcase classname="com.xebia.fitnesse.selenium.JavascriptTestCase" name="shouldParseSubstitutedVariables" time="0.058"/>
  <testcase classname="com.xebia.fitnesse.selenium.JavascriptTestCase" name="shouldParseFailedCheckCommands" time="0.099"/>
  <testcase classname="com.xebia.fitnesse.selenium.JavascriptTestCase" name="testCheckIsRoundtrip" time="0.056"/>
</testsuite>